<?xml version="1.0" encoding="UTF-8"?>
<!-- Generated by org.testng.reporters.JUnitReportReporter -->
<testsuite hostname="INLTTMF12528" failures="0" tests="1" name="com.qa.tmf.Test.Demo" time="0.013" errors="0" timestamp="2023-01-27T17:56:28 IST" skipped="0">
  <testcase classname="com.qa.tmf.Test.Demo" name="demo" time="0.013"/>
  <system-out/>
</testsuite> <!-- com.qa.tmf.Test.Demo -->
